[0m20:25:15.710812 [debug] [MainThread]: Sending event: {'category': 'dbt', 'action': 'invocation', 'label': 'start', 'context': [<snowplow_tracker.self_describing_json.SelfDescribingJson object at 0x0000019186286A90>, <snowplow_tracker.self_describing_json.SelfDescribingJson object at 0x0000019186112A50>, <snowplow_tracker.self_describing_json.SelfDescribingJson object at 0x000001918627AC90>]}


============================== 20:25:15.715257 | 74c9eba0-606b-4d4c-a5df-09dd46214b07 ==============================
[0m20:25:15.715257 [info ] [MainThread]: Running with dbt=1.8.2
[0m20:25:15.720763 [debug] [MainThread]: running dbt with arguments {'printer_width': '80', 'indirect_selection': 'eager', 'write_json': 'True', 'log_cache_events': 'False', 'partial_parse': 'True', 'cache_selected_only': 'False', 'warn_error': 'None', 'fail_fast': 'False', 'profiles_dir': 'C:\\Users\\akili\\.dbt', 'log_path': 'logs', 'version_check': 'True', 'debug': 'False', 'use_colors': 'True', 'use_experimental_parser': 'False', 'no_print': 'None', 'quiet': 'False', 'warn_error_options': 'WarnErrorOptions(include=[], exclude=[])', 'introspect': 'True', 'invocation_command': 'dbt init my_project', 'log_format': 'default', 'target_path': 'None', 'static_parser': 'True', 'send_anonymous_usage_stats': 'True'}
[0m20:25:15.736519 [debug] [MainThread]: Starter project path: C:\Users\akili\Desktop\kifiya\week_7\Ethiopian_Medical_Business_DataWare_House\dbt_venv\Lib\site-packages\dbt\include\starter_project
[0m20:25:15.761653 [info ] [MainThread]: 
Your new dbt project "my_project" was created!

For more information on how to configure the profiles.yml file,
please consult the dbt documentation here:

  https://docs.getdbt.com/docs/configure-your-profile

One more thing:

Need help? Don't hesitate to reach out to us via GitHub issues or on Slack:

  https://community.getdbt.com/

Happy modeling!

[0m20:25:15.764519 [info ] [MainThread]: Setting up your profile.
[0m20:49:04.095600 [info ] [MainThread]: Profile my_project written to C:\Users\akili\.dbt\profiles.yml using target's profile_template.yml and your supplied values. Run 'dbt debug' to validate the connection.
[0m20:49:04.100794 [debug] [MainThread]: Command `dbt init` succeeded at 20:49:04.098490 after 1428.46 seconds
[0m20:49:04.102339 [debug] [MainThread]: Sending event: {'category': 'dbt', 'action': 'invocation', 'label': 'end', 'context': [<snowplow_tracker.self_describing_json.SelfDescribingJson object at 0x000001918008C450>, <snowplow_tracker.self_describing_json.SelfDescribingJson object at 0x0000019186293750>, <snowplow_tracker.self_describing_json.SelfDescribingJson object at 0x0000019186293850>]}
[0m20:49:04.102339 [debug] [MainThread]: Flushing usage events
[0m21:19:36.299557 [debug] [MainThread]: Sending event: {'category': 'dbt', 'action': 'invocation', 'label': 'start', 'context': [<snowplow_tracker.self_describing_json.SelfDescribingJson object at 0x00000256786D0610>, <snowplow_tracker.self_describing_json.SelfDescribingJson object at 0x00000256786CB050>, <snowplow_tracker.self_describing_json.SelfDescribingJson object at 0x00000256786CBFD0>]}


============================== 21:19:36.299557 | 1f419597-29d4-4308-ad4e-4f90d6dcc1d2 ==============================
[0m21:19:36.299557 [info ] [MainThread]: Running with dbt=1.8.2
[0m21:19:36.299557 [debug] [MainThread]: running dbt with arguments {'printer_width': '80', 'indirect_selection': 'eager', 'write_json': 'True', 'log_cache_events': 'False', 'partial_parse': 'True', 'cache_selected_only': 'False', 'warn_error': 'None', 'debug': 'False', 'version_check': 'True', 'log_path': 'logs', 'fail_fast': 'False', 'profiles_dir': 'C:\\Users\\akili\\.dbt', 'use_colors': 'True', 'use_experimental_parser': 'False', 'no_print': 'None', 'quiet': 'False', 'warn_error_options': 'WarnErrorOptions(include=[], exclude=[])', 'invocation_command': 'dbt debug', 'log_format': 'default', 'static_parser': 'True', 'target_path': 'None', 'introspect': 'True', 'send_anonymous_usage_stats': 'True'}
[0m21:19:36.315288 [info ] [MainThread]: dbt version: 1.8.2
[0m21:19:36.315288 [info ] [MainThread]: python version: 3.11.1
[0m21:19:36.330921 [info ] [MainThread]: python path: C:\Users\akili\Desktop\kifiya\week_7\Ethiopian_Medical_Business_DataWare_House\dbt_venv\Scripts\python.exe
[0m21:19:36.332390 [info ] [MainThread]: os info: Windows-10-10.0.22621-SP0
[0m21:19:36.407478 [info ] [MainThread]: Using profiles dir at C:\Users\akili\.dbt
[0m21:19:36.407478 [info ] [MainThread]: Using profiles.yml file at C:\Users\akili\.dbt\profiles.yml
[0m21:19:36.407478 [info ] [MainThread]: Using dbt_project.yml file at C:\Users\akili\Desktop\kifiya\week_7\Ethiopian_Medical_Business_DataWare_House\dbt_project.yml
[0m21:19:36.414446 [info ] [MainThread]: adapter type: postgres
[0m21:19:36.416008 [info ] [MainThread]: adapter version: 1.8.1
[0m21:19:36.417066 [info ] [MainThread]: Configuration:
[0m21:19:36.417839 [info ] [MainThread]:   profiles.yml file [[32mOK found and valid[0m]
[0m21:19:36.417839 [info ] [MainThread]:   dbt_project.yml file [[31mERROR not found[0m]
[0m21:19:36.418878 [info ] [MainThread]: Required dependencies:
[0m21:19:36.418878 [debug] [MainThread]: Executing "git --help"
[0m21:19:36.469469 [debug] [MainThread]: STDOUT: "b"usage: git [-v | --version] [-h | --help] [-C <path>] [-c <name>=<value>]\n           [--exec-path[=<path>]] [--html-path] [--man-path] [--info-path]\n           [-p | --paginate | -P | --no-pager] [--no-replace-objects] [--bare]\n           [--git-dir=<path>] [--work-tree=<path>] [--namespace=<name>]\n           [--config-env=<name>=<envvar>] <command> [<args>]\n\nThese are common Git commands used in various situations:\n\nstart a working area (see also: git help tutorial)\n   clone     Clone a repository into a new directory\n   init      Create an empty Git repository or reinitialize an existing one\n\nwork on the current change (see also: git help everyday)\n   add       Add file contents to the index\n   mv        Move or rename a file, a directory, or a symlink\n   restore   Restore working tree files\n   rm        Remove files from the working tree and from the index\n\nexamine the history and state (see also: git help revisions)\n   bisect    Use binary search to find the commit that introduced a bug\n   diff      Show changes between commits, commit and working tree, etc\n   grep      Print lines matching a pattern\n   log       Show commit logs\n   show      Show various types of objects\n   status    Show the working tree status\n\ngrow, mark and tweak your common history\n   branch    List, create, or delete branches\n   commit    Record changes to the repository\n   merge     Join two or more development histories together\n   rebase    Reapply commits on top of another base tip\n   reset     Reset current HEAD to the specified state\n   switch    Switch branches\n   tag       Create, list, delete or verify a tag object signed with GPG\n\ncollaborate (see also: git help workflows)\n   fetch     Download objects and refs from another repository\n   pull      Fetch from and integrate with another repository or a local branch\n   push      Update remote refs along with associated objects\n\n'git help -a' and 'git help -g' list available subcommands and some\nconcept guides. See 'git help <command>' or 'git help <concept>'\nto read about a specific subcommand or concept.\nSee 'git help git' for an overview of the system.\n""
[0m21:19:36.470527 [debug] [MainThread]: STDERR: "b''"
[0m21:19:36.470527 [info ] [MainThread]:  - git [[32mOK found[0m]

[0m21:19:36.473468 [info ] [MainThread]: Connection:
[0m21:19:36.474583 [info ] [MainThread]:   host: localhost
[0m21:19:36.475721 [info ] [MainThread]:   port: 5432
[0m21:19:36.476946 [info ] [MainThread]:   user: postgres
[0m21:19:36.476946 [info ] [MainThread]:   database: data_WareHouse
[0m21:19:36.478567 [info ] [MainThread]:   schema: public
[0m21:19:36.478567 [info ] [MainThread]:   connect_timeout: 10
[0m21:19:36.480510 [info ] [MainThread]:   role: None
[0m21:19:36.481543 [info ] [MainThread]:   search_path: None
[0m21:19:36.482764 [info ] [MainThread]:   keepalives_idle: 0
[0m21:19:36.483916 [info ] [MainThread]:   sslmode: None
[0m21:19:36.483916 [info ] [MainThread]:   sslcert: None
[0m21:19:36.485924 [info ] [MainThread]:   sslkey: None
[0m21:19:36.486933 [info ] [MainThread]:   sslrootcert: None
[0m21:19:36.486933 [info ] [MainThread]:   application_name: dbt
[0m21:19:36.489438 [info ] [MainThread]:   retries: 1
[0m21:19:36.489438 [info ] [MainThread]: Registered adapter: postgres=1.8.1
[0m21:19:36.492391 [debug] [MainThread]: Acquiring new postgres connection 'debug'
[0m21:19:36.590084 [debug] [MainThread]: Using postgres connection "debug"
[0m21:19:36.590084 [debug] [MainThread]: On debug: select 1 as id
[0m21:19:36.590084 [debug] [MainThread]: Opening a new connection, currently in state init
[0m21:19:36.637361 [debug] [MainThread]: SQL status: SELECT 1 in 0.0 seconds
[0m21:19:36.640092 [debug] [MainThread]: On debug: Close
[0m21:19:36.640092 [info ] [MainThread]:   Connection test: [[32mOK connection ok[0m]

[0m21:19:36.642698 [info ] [MainThread]: [31m1 check failed:[0m
[0m21:19:36.642698 [info ] [MainThread]: Project loading failed for the following reason:
 project path <C:\Users\akili\Desktop\kifiya\week_7\Ethiopian_Medical_Business_DataWare_House\dbt_project.yml> not found

[0m21:19:36.642698 [debug] [MainThread]: Command `dbt debug` failed at 21:19:36.642698 after 0.42 seconds
[0m21:19:36.642698 [debug] [MainThread]: Connection 'debug' was properly closed.
[0m21:19:36.642698 [debug] [MainThread]: Sending event: {'category': 'dbt', 'action': 'invocation', 'label': 'end', 'context': [<snowplow_tracker.self_describing_json.SelfDescribingJson object at 0x00000256786CB5D0>, <snowplow_tracker.self_describing_json.SelfDescribingJson object at 0x0000025678A21990>, <snowplow_tracker.self_describing_json.SelfDescribingJson object at 0x000002567867DF90>]}
[0m21:19:36.642698 [debug] [MainThread]: Flushing usage events
